<?xml version="1.0" encoding="UTF-8"?>
<robot generator="Robot 6.1.1 (Python 3.12.1 on win32)" generated="20240108 03:35:46.942" rpa="false" schemaversion="4">
<suite id="s1" name="Front Office" source="C:\Users\quyen\OneDrive\Desktop\robotfw-playground\Tests\Front_Office.robot">
<test id="s1-t1" name="Should be able to access &quot;Team&quot; page" line="15">
<kw name="Begin FrontOffice Web Test" library="CommonWeb" type="SETUP">
<kw name="Open Browser" library="SeleniumLibrary">
<arg>about:blank</arg>
<arg>${BROWSER}</arg>
<doc>Opens a new browser instance to the optional ``url``.</doc>
<msg timestamp="20240108 03:35:47.144" level="INFO">Opening browser 'chrome' to base url 'about:blank'.</msg>
<status status="PASS" starttime="20240108 03:35:47.143" endtime="20240108 03:35:48.554"/>
</kw>
<kw name="Maximize Browser Window" library="SeleniumLibrary">
<doc>Maximizes current browser window.</doc>
<status status="PASS" starttime="20240108 03:35:48.554" endtime="20240108 03:35:48.675"/>
</kw>
<status status="PASS" starttime="20240108 03:35:47.143" endtime="20240108 03:35:48.675"/>
</kw>
<kw name="Go to Landing Page" library="FrontOfficeApp">
<kw name="Navigate To" library="Landing">
<kw name="Go To" library="SeleniumLibrary">
<arg>${URL}</arg>
<doc>Navigates the current browser window to the provided ``url``.</doc>
<msg timestamp="20240108 03:35:48.676" level="INFO">Opening url 'https://automationplayground.com/front-office/'</msg>
<status status="PASS" starttime="20240108 03:35:48.676" endtime="20240108 03:35:51.139"/>
</kw>
<status status="PASS" starttime="20240108 03:35:48.676" endtime="20240108 03:35:51.139"/>
</kw>
<kw name="Verify Page Loaded" library="Landing">
<kw name="Wait Until Page Contains Element" library="SeleniumLibrary">
<arg>${LANDING_NAVIGATION_ELEMENT}</arg>
<doc>Waits until the element ``locator`` appears on the current page.</doc>
<status status="PASS" starttime="20240108 03:35:51.139" endtime="20240108 03:35:51.150"/>
</kw>
<status status="PASS" starttime="20240108 03:35:51.139" endtime="20240108 03:35:51.150"/>
</kw>
<status status="PASS" starttime="20240108 03:35:48.675" endtime="20240108 03:35:51.150"/>
</kw>
<kw name="Go to &quot;Team&quot; Section" library="FrontOfficeApp">
<kw name="Select &quot;Team&quot; Section" library="TopNav">
<kw name="Click Link" library="SeleniumLibrary">
<arg>${TOP_NAV_LINK}</arg>
<doc>Clicks a link identified by ``locator``.</doc>
<msg timestamp="20240108 03:35:51.151" level="INFO">Clicking link 'Team'.</msg>
<status status="PASS" starttime="20240108 03:35:51.151" endtime="20240108 03:35:51.197"/>
</kw>
<kw name="Sleep" library="BuiltIn">
<arg>3s</arg>
<doc>Pauses the test executed for the given time.</doc>
<msg timestamp="20240108 03:35:54.198" level="INFO">Slept 3 seconds</msg>
<status status="PASS" starttime="20240108 03:35:51.198" endtime="20240108 03:35:54.198"/>
</kw>
<status status="PASS" starttime="20240108 03:35:51.151" endtime="20240108 03:35:54.198"/>
</kw>
<kw name="Verify Page Loaded" library="Team">
<kw name="Wait Until Page Contains Element" library="SeleniumLibrary">
<arg>${TEAM_HEADER_LABEL}</arg>
<doc>Waits until the element ``locator`` appears on the current page.</doc>
<status status="PASS" starttime="20240108 03:35:54.198" endtime="20240108 03:35:54.207"/>
</kw>
<status status="PASS" starttime="20240108 03:35:54.198" endtime="20240108 03:35:54.207"/>
</kw>
<status status="PASS" starttime="20240108 03:35:51.151" endtime="20240108 03:35:54.207"/>
</kw>
<kw name="End FrontOffice Web Test" library="CommonWeb" type="TEARDOWN">
<kw name="Close All Browsers" library="SeleniumLibrary">
<doc>Closes all open browsers and resets the browser cache.</doc>
<status status="PASS" starttime="20240108 03:35:54.207" endtime="20240108 03:36:00.542"/>
</kw>
<status status="PASS" starttime="20240108 03:35:54.207" endtime="20240108 03:36:00.542"/>
</kw>
<doc>This is test 1</doc>
<tag>Test 1</tag>
<status status="PASS" starttime="20240108 03:35:47.143" endtime="20240108 03:36:00.542"/>
</test>
<test id="s1-t2" name="&quot;Team&quot; section should match requirements" line="21">
<kw name="Begin FrontOffice Web Test" library="CommonWeb" type="SETUP">
<kw name="Open Browser" library="SeleniumLibrary">
<arg>about:blank</arg>
<arg>${BROWSER}</arg>
<doc>Opens a new browser instance to the optional ``url``.</doc>
<msg timestamp="20240108 03:36:00.549" level="INFO">Opening browser 'chrome' to base url 'about:blank'.</msg>
<status status="PASS" starttime="20240108 03:36:00.548" endtime="20240108 03:36:02.067"/>
</kw>
<kw name="Maximize Browser Window" library="SeleniumLibrary">
<doc>Maximizes current browser window.</doc>
<status status="PASS" starttime="20240108 03:36:02.067" endtime="20240108 03:36:02.181"/>
</kw>
<status status="PASS" starttime="20240108 03:36:00.547" endtime="20240108 03:36:02.181"/>
</kw>
<kw name="Log" library="BuiltIn">
<arg>Executing test 2</arg>
<doc>Logs the given message with the given level.</doc>
<msg timestamp="20240108 03:36:02.182" level="INFO">Executing test 2</msg>
<status status="PASS" starttime="20240108 03:36:02.182" endtime="20240108 03:36:02.182"/>
</kw>
<kw name="Go to Landing Page" library="FrontOfficeApp">
<kw name="Navigate To" library="Landing">
<kw name="Go To" library="SeleniumLibrary">
<arg>${URL}</arg>
<doc>Navigates the current browser window to the provided ``url``.</doc>
<msg timestamp="20240108 03:36:02.183" level="INFO">Opening url 'https://automationplayground.com/front-office/'</msg>
<status status="PASS" starttime="20240108 03:36:02.183" endtime="20240108 03:36:05.051"/>
</kw>
<status status="PASS" starttime="20240108 03:36:02.182" endtime="20240108 03:36:05.052"/>
</kw>
<kw name="Verify Page Loaded" library="Landing">
<kw name="Wait Until Page Contains Element" library="SeleniumLibrary">
<arg>${LANDING_NAVIGATION_ELEMENT}</arg>
<doc>Waits until the element ``locator`` appears on the current page.</doc>
<status status="PASS" starttime="20240108 03:36:05.052" endtime="20240108 03:36:05.066"/>
</kw>
<status status="PASS" starttime="20240108 03:36:05.052" endtime="20240108 03:36:05.066"/>
</kw>
<status status="PASS" starttime="20240108 03:36:02.182" endtime="20240108 03:36:05.066"/>
</kw>
<kw name="Go to &quot;Team&quot; Section" library="FrontOfficeApp">
<kw name="Select &quot;Team&quot; Section" library="TopNav">
<kw name="Click Link" library="SeleniumLibrary">
<arg>${TOP_NAV_LINK}</arg>
<doc>Clicks a link identified by ``locator``.</doc>
<msg timestamp="20240108 03:36:05.067" level="INFO">Clicking link 'Team'.</msg>
<status status="PASS" starttime="20240108 03:36:05.066" endtime="20240108 03:36:05.109"/>
</kw>
<kw name="Sleep" library="BuiltIn">
<arg>3s</arg>
<doc>Pauses the test executed for the given time.</doc>
<msg timestamp="20240108 03:36:08.110" level="INFO">Slept 3 seconds</msg>
<status status="PASS" starttime="20240108 03:36:05.109" endtime="20240108 03:36:08.110"/>
</kw>
<status status="PASS" starttime="20240108 03:36:05.066" endtime="20240108 03:36:08.110"/>
</kw>
<kw name="Verify Page Loaded" library="Team">
<kw name="Wait Until Page Contains Element" library="SeleniumLibrary">
<arg>${TEAM_HEADER_LABEL}</arg>
<doc>Waits until the element ``locator`` appears on the current page.</doc>
<status status="PASS" starttime="20240108 03:36:08.111" endtime="20240108 03:36:08.136"/>
</kw>
<status status="PASS" starttime="20240108 03:36:08.111" endtime="20240108 03:36:08.136"/>
</kw>
<status status="PASS" starttime="20240108 03:36:05.066" endtime="20240108 03:36:08.136"/>
</kw>
<kw name="Validate &quot;Team&quot; Section" library="FrontOfficeApp">
<kw name="Validate Page Contents" library="Team">
<kw name="Get Text" library="SeleniumLibrary">
<var>${ElementText}</var>
<arg>${TEAM_HEADER_LABEL}</arg>
<doc>Returns the text value of the element identified by ``locator``.</doc>
<msg timestamp="20240108 03:36:08.150" level="INFO">${ElementText} = OUR AMAZING TEAM</msg>
<status status="PASS" starttime="20240108 03:36:08.137" endtime="20240108 03:36:08.150"/>
</kw>
<kw name="Should Be Equal As Strings" library="BuiltIn">
<arg>${ElementText}</arg>
<arg>Our Amazing Team</arg>
<arg>ignore_case=true</arg>
<doc>Fails if objects are unequal after converting them to strings.</doc>
<status status="PASS" starttime="20240108 03:36:08.150" endtime="20240108 03:36:08.150"/>
</kw>
<status status="PASS" starttime="20240108 03:36:08.137" endtime="20240108 03:36:08.151"/>
</kw>
<status status="PASS" starttime="20240108 03:36:08.137" endtime="20240108 03:36:08.151"/>
</kw>
<kw name="End FrontOffice Web Test" library="CommonWeb" type="TEARDOWN">
<kw name="Close All Browsers" library="SeleniumLibrary">
<doc>Closes all open browsers and resets the browser cache.</doc>
<status status="PASS" starttime="20240108 03:36:08.151" endtime="20240108 03:36:14.390"/>
</kw>
<status status="PASS" starttime="20240108 03:36:08.151" endtime="20240108 03:36:14.390"/>
</kw>
<doc>This is test 2</doc>
<tag>Test 2</tag>
<status status="PASS" starttime="20240108 03:36:00.545" endtime="20240108 03:36:14.391"/>
</test>
<status status="PASS" starttime="20240108 03:35:46.943" endtime="20240108 03:36:14.394"/>
</suite>
<statistics>
<total>
<stat pass="2" fail="0" skip="0">All Tests</stat>
</total>
<tag>
<stat pass="1" fail="0" skip="0">Test 1</stat>
<stat pass="1" fail="0" skip="0">Test 2</stat>
</tag>
<suite>
<stat pass="2" fail="0" skip="0" id="s1" name="Front Office">Front Office</stat>
</suite>
</statistics>
<errors>
</errors>
</robot>
